2013-04-18 16:05:36 Error: [MissingViewException] View file "/var/www/app/View/Arts/index.ctp" is missing.
Exception Attributes: array (
  'file' => '/var/www/app/View/Arts/index.ctp',
)
Request URL: /arts/
Stack Trace:
#0 /var/www/lib/Cake/View/View.php(468): View->_getViewFileName(NULL)
#1 /var/www/lib/Cake/Controller/Controller.php(948): View->render(NULL, NULL)
#2 /var/www/lib/Cake/Routing/Dispatcher.php(194): Controller->render()
#3 /var/www/lib/Cake/Routing/Dispatcher.php(162): Dispatcher->_invoke(Object(ArtsController), Object(CakeRequest), Object(CakeResponse))
#4 /var/www/app/webroot/index.php(109): Dispatcher->dispatch(Object(CakeRequest), Object(CakeResponse))
#5 {main}
2013-04-18 19:38:08 Error: Fatal Error (4): syntax error, unexpected '(', expecting identifier (T_STRING) or variable (T_VARIABLE) or '{' or '$' in [/var/www/app/Controller/ArtsController.php, line 14]
2013-04-18 19:38:08 Error: [FatalErrorException] syntax error, unexpected '(', expecting identifier (T_STRING) or variable (T_VARIABLE) or '{' or '$'
Request URL: /arts/add
Stack Trace:
#0 /var/www/lib/Cake/Error/ErrorHandler.php(184): ErrorHandler::handleFatalError(4, 'syntax error, u...', '/var/www/app/Co...', 14)
#1 [internal function]: ErrorHandler::handleError(4, 'syntax error, u...', '/var/www/app/Co...', 14, Array)
#2 /var/www/lib/Cake/Core/App.php(926): call_user_func('ErrorHandler::h...', 4, 'syntax error, u...', '/var/www/app/Co...', 14, Array)
#3 /var/www/lib/Cake/Core/App.php(899): App::_checkFatalError()
#4 [internal function]: App::shutdown()
#5 {main}
2013-04-18 20:04:32 Error: [MissingViewException] View file "/var/www/app/View/Arts/add.ctp" is missing.
Exception Attributes: array (
  'file' => '/var/www/app/View/Arts/add.ctp',
)
Request URL: /arts/add
Stack Trace:
#0 /var/www/lib/Cake/View/View.php(468): View->_getViewFileName(NULL)
#1 /var/www/lib/Cake/Controller/Controller.php(948): View->render(NULL, NULL)
#2 /var/www/lib/Cake/Routing/Dispatcher.php(194): Controller->render()
#3 /var/www/lib/Cake/Routing/Dispatcher.php(162): Dispatcher->_invoke(Object(ArtsController), Object(CakeRequest), Object(CakeResponse))
#4 /var/www/app/webroot/index.php(109): Dispatcher->dispatch(Object(CakeRequest), Object(CakeResponse))
#5 {main}
2013-04-22 01:18:55 Error: Fatal Error (1): Call to undefined method View::renderElement() in [/var/www/app/View/Arts/admin.ctp, line 5]
2013-04-22 01:18:55 Error: [FatalErrorException] Call to undefined method View::renderElement()
Request URL: /arts/admin/
Stack Trace:
#0 /var/www/lib/Cake/Error/ErrorHandler.php(184): ErrorHandler::handleFatalError(1, 'Call to undefin...', '/var/www/app/Vi...', 5)
#1 [internal function]: ErrorHandler::handleError(1, 'Call to undefin...', '/var/www/app/Vi...', 5, Array)
#2 /var/www/lib/Cake/Core/App.php(926): call_user_func('ErrorHandler::h...', 1, 'Call to undefin...', '/var/www/app/Vi...', 5, Array)
#3 /var/www/lib/Cake/Core/App.php(899): App::_checkFatalError()
#4 [internal function]: App::shutdown()
#5 {main}
2013-04-22 01:37:21 Error: [MissingViewException] View file "/var/www/app/View/Arts/panel.ctp" is missing.
Exception Attributes: array (
  'file' => '/var/www/app/View/Arts/panel.ctp',
)
Request URL: /arts/panel
Stack Trace:
#0 /var/www/lib/Cake/View/View.php(468): View->_getViewFileName(NULL)
#1 /var/www/lib/Cake/Controller/Controller.php(948): View->render(NULL, NULL)
#2 /var/www/lib/Cake/Routing/Dispatcher.php(194): Controller->render()
#3 /var/www/lib/Cake/Routing/Dispatcher.php(162): Dispatcher->_invoke(Object(ArtsController), Object(CakeRequest), Object(CakeResponse))
#4 /var/www/app/webroot/index.php(109): Dispatcher->dispatch(Object(CakeRequest), Object(CakeResponse))
#5 {main}
2013-04-22 01:39:39 Error: [MissingViewException] View file "/var/www/app/View/Arts/panel.ctp" is missing.
Exception Attributes: array (
  'file' => '/var/www/app/View/Arts/panel.ctp',
)
Request URL: /arts/panel
Stack Trace:
#0 /var/www/lib/Cake/View/View.php(468): View->_getViewFileName(NULL)
#1 /var/www/lib/Cake/Controller/Controller.php(948): View->render(NULL, NULL)
#2 /var/www/lib/Cake/Routing/Dispatcher.php(194): Controller->render()
#3 /var/www/lib/Cake/Routing/Dispatcher.php(162): Dispatcher->_invoke(Object(ArtsController), Object(CakeRequest), Object(CakeResponse))
#4 /var/www/app/webroot/index.php(109): Dispatcher->dispatch(Object(CakeRequest), Object(CakeResponse))
#5 {main}
2013-04-22 01:43:00 Error: [MissingViewException] View file "/var/www/app/View/Arts/add.ctp" is missing.
Exception Attributes: array (
  'file' => '/var/www/app/View/Arts/add.ctp',
)
Request URL: /arts/add
Stack Trace:
#0 /var/www/lib/Cake/View/View.php(468): View->_getViewFileName(NULL)
#1 /var/www/lib/Cake/Controller/Controller.php(948): View->render(NULL, NULL)
#2 /var/www/lib/Cake/Routing/Dispatcher.php(194): Controller->render()
#3 /var/www/lib/Cake/Routing/Dispatcher.php(162): Dispatcher->_invoke(Object(ArtsController), Object(CakeRequest), Object(CakeResponse))
#4 /var/www/app/webroot/index.php(109): Dispatcher->dispatch(Object(CakeRequest), Object(CakeResponse))
#5 {main}
2013-04-22 13:02:51 Error: Fatal Error (4): syntax error, unexpected end of file in [/var/www/app/View/Arts/add.ctp, line 23]
2013-04-22 13:02:51 Error: [FatalErrorException] syntax error, unexpected end of file
Request URL: /arts/add
Stack Trace:
#0 /var/www/lib/Cake/Error/ErrorHandler.php(184): ErrorHandler::handleFatalError(4, 'syntax error, u...', '/var/www/app/Vi...', 23)
#1 [internal function]: ErrorHandler::handleError(4, 'syntax error, u...', '/var/www/app/Vi...', 23, Array)
#2 /var/www/lib/Cake/Core/App.php(926): call_user_func('ErrorHandler::h...', 4, 'syntax error, u...', '/var/www/app/Vi...', 23, Array)
#3 /var/www/lib/Cake/Core/App.php(899): App::_checkFatalError()
#4 [internal function]: App::shutdown()
#5 {main}
2013-04-22 13:12:34 Error: Fatal Error (1): Call to a member function find() on a non-object in [/var/www/app/Controller/CategoriesController.php, line 7]
2013-04-22 13:12:34 Error: [FatalErrorException] Call to a member function find() on a non-object
Request URL: /categories
Stack Trace:
#0 /var/www/lib/Cake/Error/ErrorHandler.php(184): ErrorHandler::handleFatalError(1, 'Call to a membe...', '/var/www/app/Co...', 7)
#1 [internal function]: ErrorHandler::handleError(1, 'Call to a membe...', '/var/www/app/Co...', 7, Array)
#2 /var/www/lib/Cake/Core/App.php(926): call_user_func('ErrorHandler::h...', 1, 'Call to a membe...', '/var/www/app/Co...', 7, Array)
#3 /var/www/lib/Cake/Core/App.php(899): App::_checkFatalError()
#4 [internal function]: App::shutdown()
#5 {main}
2013-04-22 13:33:49 Error: [MissingActionException] Action CategoriesController::add() could not be found.
Exception Attributes: array (
  'controller' => 'CategoriesController',
  'action' => 'add',
)
Request URL: /categories/add
Stack Trace:
#0 /var/www/lib/Cake/Routing/Dispatcher.php(187): Controller->invokeAction(Object(CakeRequest))
#1 /var/www/lib/Cake/Routing/Dispatcher.php(162): Dispatcher->_invoke(Object(CategoriesController), Object(CakeRequest), Object(CakeResponse))
#2 /var/www/app/webroot/index.php(109): Dispatcher->dispatch(Object(CakeRequest), Object(CakeResponse))
#3 {main}
2013-04-22 14:23:10 Error: [MissingActionException] Action CategoriesController::delete() could not be found.
Exception Attributes: array (
  'controller' => 'CategoriesController',
  'action' => 'delete',
)
Request URL: /categories/delete/1
Stack Trace:
#0 /var/www/lib/Cake/Routing/Dispatcher.php(187): Controller->invokeAction(Object(CakeRequest))
#1 /var/www/lib/Cake/Routing/Dispatcher.php(162): Dispatcher->_invoke(Object(CategoriesController), Object(CakeRequest), Object(CakeResponse))
#2 /var/www/app/webroot/index.php(109): Dispatcher->dispatch(Object(CakeRequest), Object(CakeResponse))
#3 {main}
2013-04-22 17:32:25 Error: [MissingActionException] Action CategoriesController::admin() could not be found.
Exception Attributes: array (
  'controller' => 'CategoriesController',
  'action' => 'admin',
)
Request URL: /categories/admin
Stack Trace:
#0 /var/www/lib/Cake/Routing/Dispatcher.php(187): Controller->invokeAction(Object(CakeRequest))
#1 /var/www/lib/Cake/Routing/Dispatcher.php(162): Dispatcher->_invoke(Object(CategoriesController), Object(CakeRequest), Object(CakeResponse))
#2 /var/www/app/webroot/index.php(109): Dispatcher->dispatch(Object(CakeRequest), Object(CakeResponse))
#3 {main}
2013-04-22 17:34:51 Error: Fatal Error (1): Unsupported operand types in [/var/www/app/Controller/CategoriesController.php, line 17]
2013-04-22 17:34:51 Error: [FatalErrorException] Unsupported operand types
Request URL: /categories/add
Stack Trace:
#0 /var/www/lib/Cake/Error/ErrorHandler.php(184): ErrorHandler::handleFatalError(1, 'Unsupported ope...', '/var/www/app/Co...', 17)
#1 [internal function]: ErrorHandler::handleError(1, 'Unsupported ope...', '/var/www/app/Co...', 17, Array)
#2 /var/www/lib/Cake/Core/App.php(926): call_user_func('ErrorHandler::h...', 1, 'Unsupported ope...', '/var/www/app/Co...', 17, Array)
#3 /var/www/lib/Cake/Core/App.php(899): App::_checkFatalError()
#4 [internal function]: App::shutdown()
#5 {main}
2013-04-22 17:42:53 Error: [NotFoundException] Invalid post
Request URL: /categories/edit
Stack Trace:
#0 [internal function]: CategoriesController->edit()
#1 /var/www/lib/Cake/Controller/Controller.php(486): ReflectionMethod->invokeArgs(Object(CategoriesController), Array)
#2 /var/www/lib/Cake/Routing/Dispatcher.php(187): Controller->invokeAction(Object(CakeRequest))
#3 /var/www/lib/Cake/Routing/Dispatcher.php(162): Dispatcher->_invoke(Object(CategoriesController), Object(CakeRequest), Object(CakeResponse))
#4 /var/www/app/webroot/index.php(109): Dispatcher->dispatch(Object(CakeRequest), Object(CakeResponse))
#5 {main}
2013-04-22 17:43:47 Error: [NotFoundException] Invalid post
Request URL: /categories/edit
Stack Trace:
#0 [internal function]: CategoriesController->edit()
#1 /var/www/lib/Cake/Controller/Controller.php(486): ReflectionMethod->invokeArgs(Object(CategoriesController), Array)
#2 /var/www/lib/Cake/Routing/Dispatcher.php(187): Controller->invokeAction(Object(CakeRequest))
#3 /var/www/lib/Cake/Routing/Dispatcher.php(162): Dispatcher->_invoke(Object(CategoriesController), Object(CakeRequest), Object(CakeResponse))
#4 /var/www/app/webroot/index.php(109): Dispatcher->dispatch(Object(CakeRequest), Object(CakeResponse))
#5 {main}
2013-04-23 01:02:33 Error: Fatal Error (4): syntax error, unexpected '$name' (T_VARIABLE) in [/var/www/app/Controller/ArtsController.php, line 56]
2013-04-23 01:02:33 Error: [FatalErrorException] syntax error, unexpected '$name' (T_VARIABLE)
Request URL: /arts/admin
Stack Trace:
#0 /var/www/lib/Cake/Error/ErrorHandler.php(184): ErrorHandler::handleFatalError(4, 'syntax error, u...', '/var/www/app/Co...', 56)
#1 [internal function]: ErrorHandler::handleError(4, 'syntax error, u...', '/var/www/app/Co...', 56, Array)
#2 /var/www/lib/Cake/Core/App.php(926): call_user_func('ErrorHandler::h...', 4, 'syntax error, u...', '/var/www/app/Co...', 56, Array)
#3 /var/www/lib/Cake/Core/App.php(899): App::_checkFatalError()
#4 [internal function]: App::shutdown()
#5 {main}
2013-04-23 01:07:40 Error: [MissingActionException] Action ArtsController::delete() could not be found.
Exception Attributes: array (
  'controller' => 'ArtsController',
  'action' => 'delete',
)
Request URL: /arts/delete/2
Stack Trace:
#0 /var/www/lib/Cake/Routing/Dispatcher.php(187): Controller->invokeAction(Object(CakeRequest))
#1 /var/www/lib/Cake/Routing/Dispatcher.php(162): Dispatcher->_invoke(Object(ArtsController), Object(CakeRequest), Object(CakeResponse))
#2 /var/www/app/webroot/index.php(109): Dispatcher->dispatch(Object(CakeRequest), Object(CakeResponse))
#3 {main}
2013-04-23 01:39:54 Error: [MissingActionException] Action ArtsController::arts() could not be found.
Exception Attributes: array (
  'controller' => 'ArtsController',
  'action' => 'arts',
)
Request URL: /arts/arts/index/24
Stack Trace:
#0 /var/www/lib/Cake/Routing/Dispatcher.php(187): Controller->invokeAction(Object(CakeRequest))
#1 /var/www/lib/Cake/Routing/Dispatcher.php(162): Dispatcher->_invoke(Object(ArtsController), Object(CakeRequest), Object(CakeResponse))
#2 /var/www/app/webroot/index.php(109): Dispatcher->dispatch(Object(CakeRequest), Object(CakeResponse))
#3 {main}
2013-04-23 01:40:06 Error: [MissingActionException] Action ArtsController::arts() could not be found.
Exception Attributes: array (
  'controller' => 'ArtsController',
  'action' => 'arts',
)
Request URL: /arts/arts/index/24
Stack Trace:
#0 /var/www/lib/Cake/Routing/Dispatcher.php(187): Controller->invokeAction(Object(CakeRequest))
#1 /var/www/lib/Cake/Routing/Dispatcher.php(162): Dispatcher->_invoke(Object(ArtsController), Object(CakeRequest), Object(CakeResponse))
#2 /var/www/app/webroot/index.php(109): Dispatcher->dispatch(Object(CakeRequest), Object(CakeResponse))
#3 {main}
2013-04-23 01:46:05 Error: Fatal Error (1): Call to a member function css() on a non-object in [/var/www/app/View/Arts/index.ctp, line 1]
2013-04-23 01:46:05 Error: [FatalErrorException] Call to a member function css() on a non-object
Request URL: /arts/index/24
Stack Trace:
#0 /var/www/lib/Cake/Error/ErrorHandler.php(184): ErrorHandler::handleFatalError(1, 'Call to a membe...', '/var/www/app/Vi...', 1)
#1 [internal function]: ErrorHandler::handleError(1, 'Call to a membe...', '/var/www/app/Vi...', 1, Array)
#2 /var/www/lib/Cake/Core/App.php(926): call_user_func('ErrorHandler::h...', 1, 'Call to a membe...', '/var/www/app/Vi...', 1, Array)
#3 /var/www/lib/Cake/Core/App.php(899): App::_checkFatalError()
#4 [internal function]: App::shutdown()
#5 {main}
2013-04-25 01:22:20 Error: [MissingActionException] Action ArtsController::edit() could not be found.
Exception Attributes: array (
  'controller' => 'ArtsController',
  'action' => 'edit',
)
Request URL: /arts/edit/9
Stack Trace:
#0 /var/www/lib/Cake/Routing/Dispatcher.php(187): Controller->invokeAction(Object(CakeRequest))
#1 /var/www/lib/Cake/Routing/Dispatcher.php(162): Dispatcher->_invoke(Object(ArtsController), Object(CakeRequest), Object(CakeResponse))
#2 /var/www/app/webroot/index.php(109): Dispatcher->dispatch(Object(CakeRequest), Object(CakeResponse))
#3 {main}
2013-04-25 13:32:20 Error: [MissingControllerException] Controller class ImgController could not be found.
Exception Attributes: array (
  'class' => 'ImgController',
  'plugin' => NULL,
)
Request URL: /img/1366869786-hgrth.jpg
Stack Trace:
#0 /var/www/app/webroot/index.php(109): Dispatcher->dispatch(Object(CakeRequest), Object(CakeResponse))
#1 {main}
2013-04-25 13:32:21 Error: [MissingControllerException] Controller class ImgController could not be found.
Exception Attributes: array (
  'class' => 'ImgController',
  'plugin' => NULL,
)
Request URL: /img/1366736629-Penguins.jpg
Stack Trace:
#0 /var/www/app/webroot/index.php(109): Dispatcher->dispatch(Object(CakeRequest), Object(CakeResponse))
#1 {main}
2013-04-25 13:32:23 Error: [MissingControllerException] Controller class ImgController could not be found.
Exception Attributes: array (
  'class' => 'ImgController',
  'plugin' => NULL,
)
Request URL: /img/1366869786-hgrth.jpg
Stack Trace:
#0 /var/www/app/webroot/index.php(109): Dispatcher->dispatch(Object(CakeRequest), Object(CakeResponse))
#1 {main}
2013-04-25 13:32:24 Error: [MissingControllerException] Controller class ImgController could not be found.
Exception Attributes: array (
  'class' => 'ImgController',
  'plugin' => NULL,
)
Request URL: /img/1366736629-Penguins.jpg
Stack Trace:
#0 /var/www/app/webroot/index.php(109): Dispatcher->dispatch(Object(CakeRequest), Object(CakeResponse))
#1 {main}
2013-04-25 13:34:24 Error: [MissingControllerException] Controller class CategoriesController could not be found.
Exception Attributes: array (
  'class' => 'CategoriesController',
  'plugin' => NULL,
)
Request URL: /Categories
Stack Trace:
#0 /var/www/app/webroot/index.php(109): Dispatcher->dispatch(Object(CakeRequest), Object(CakeResponse))
#1 {main}
2013-04-26 12:26:21 Error: [MissingHelperException] Helper class CategorieHelper could not be found.
Exception Attributes: array (
  'class' => 'CategorieHelper',
  'plugin' => false,
)
Request URL: /Categories/add
Stack Trace:
#0 /var/www/lib/Cake/View/HelperCollection.php(63): HelperCollection->load('Categorie')
#1 /var/www/lib/Cake/View/View.php(835): HelperCollection->__isset('Categorie')
#2 /var/www/app/View/Categories/add.ctp(2): View->__get('Categorie')
#3 /var/www/lib/Cake/View/View.php(947): include('/var/www/app/Vi...')
#4 /var/www/lib/Cake/View/View.php(909): View->_evaluate('/var/www/app/Vi...', Array)
#5 /var/www/lib/Cake/View/View.php(471): View->_render('/var/www/app/Vi...')
#6 /var/www/lib/Cake/Controller/Controller.php(948): View->render(NULL, NULL)
#7 /var/www/lib/Cake/Routing/Dispatcher.php(194): Controller->render()
#8 /var/www/lib/Cake/Routing/Dispatcher.php(162): Dispatcher->_invoke(Object(CategoriesController), Object(CakeRequest), Object(CakeResponse))
#9 /var/www/app/webroot/index.php(109): Dispatcher->dispatch(Object(CakeRequest), Object(CakeResponse))
#10 {main}
2013-04-26 12:31:10 Error: [NotFoundException] Invalid post
Request URL: /Categories/edit/26
Stack Trace:
#0 [internal function]: CategoriesController->edit('26')
#1 /var/www/lib/Cake/Controller/Controller.php(486): ReflectionMethod->invokeArgs(Object(CategoriesController), Array)
#2 /var/www/lib/Cake/Routing/Dispatcher.php(187): Controller->invokeAction(Object(CakeRequest))
#3 /var/www/lib/Cake/Routing/Dispatcher.php(162): Dispatcher->_invoke(Object(CategoriesController), Object(CakeRequest), Object(CakeResponse))
#4 /var/www/app/webroot/index.php(109): Dispatcher->dispatch(Object(CakeRequest), Object(CakeResponse))
#5 {main}
2013-04-26 12:34:56 Error: [MissingActionException] Action ArtsController::edit() could not be found.
Exception Attributes: array (
  'controller' => 'ArtsController',
  'action' => 'edit',
)
Request URL: /arts/edit/20
Stack Trace:
#0 /var/www/lib/Cake/Routing/Dispatcher.php(187): Controller->invokeAction(Object(CakeRequest))
#1 /var/www/lib/Cake/Routing/Dispatcher.php(162): Dispatcher->_invoke(Object(ArtsController), Object(CakeRequest), Object(CakeResponse))
#2 /var/www/app/webroot/index.php(109): Dispatcher->dispatch(Object(CakeRequest), Object(CakeResponse))
#3 {main}
2013-04-26 13:05:52 Error: Fatal Error (4): syntax error, unexpected 'else' (T_ELSE) in [/var/www/app/View/Arts/edit.ctp, line 17]
2013-04-26 13:05:52 Error: [FatalErrorException] syntax error, unexpected 'else' (T_ELSE)
Request URL: /arts/edit/20
Stack Trace:
#0 /var/www/lib/Cake/Error/ErrorHandler.php(184): ErrorHandler::handleFatalError(4, 'syntax error, u...', '/var/www/app/Vi...', 17)
#1 [internal function]: ErrorHandler::handleError(4, 'syntax error, u...', '/var/www/app/Vi...', 17, Array)
#2 /var/www/lib/Cake/Core/App.php(926): call_user_func('ErrorHandler::h...', 4, 'syntax error, u...', '/var/www/app/Vi...', 17, Array)
#3 /var/www/lib/Cake/Core/App.php(899): App::_checkFatalError()
#4 [internal function]: App::shutdown()
#5 {main}
2013-04-26 13:17:54 Error: [NotFoundException] Invalid art
Request URL: /arts/edit
Stack Trace:
#0 [internal function]: ArtsController->edit()
#1 /var/www/lib/Cake/Controller/Controller.php(486): ReflectionMethod->invokeArgs(Object(ArtsController), Array)
#2 /var/www/lib/Cake/Routing/Dispatcher.php(187): Controller->invokeAction(Object(CakeRequest))
#3 /var/www/lib/Cake/Routing/Dispatcher.php(162): Dispatcher->_invoke(Object(ArtsController), Object(CakeRequest), Object(CakeResponse))
#4 /var/www/app/webroot/index.php(109): Dispatcher->dispatch(Object(CakeRequest), Object(CakeResponse))
#5 {main}
2013-04-26 13:18:49 Error: [NotFoundException] Invalid art
Request URL: /arts/edit
Stack Trace:
#0 [internal function]: ArtsController->edit()
#1 /var/www/lib/Cake/Controller/Controller.php(486): ReflectionMethod->invokeArgs(Object(ArtsController), Array)
#2 /var/www/lib/Cake/Routing/Dispatcher.php(187): Controller->invokeAction(Object(CakeRequest))
#3 /var/www/lib/Cake/Routing/Dispatcher.php(162): Dispatcher->_invoke(Object(ArtsController), Object(CakeRequest), Object(CakeResponse))
#4 /var/www/app/webroot/index.php(109): Dispatcher->dispatch(Object(CakeRequest), Object(CakeResponse))
#5 {main}
2013-04-26 13:20:07 Error: [NotFoundException] Invalid art
Request URL: /arts/edit
Stack Trace:
#0 [internal function]: ArtsController->edit()
#1 /var/www/lib/Cake/Controller/Controller.php(486): ReflectionMethod->invokeArgs(Object(ArtsController), Array)
#2 /var/www/lib/Cake/Routing/Dispatcher.php(187): Controller->invokeAction(Object(CakeRequest))
#3 /var/www/lib/Cake/Routing/Dispatcher.php(162): Dispatcher->_invoke(Object(ArtsController), Object(CakeRequest), Object(CakeResponse))
#4 /var/www/app/webroot/index.php(109): Dispatcher->dispatch(Object(CakeRequest), Object(CakeResponse))
#5 {main}
2013-04-26 13:22:35 Error: [MissingActionException] Action ArtsController::arts() could not be found.
Exception Attributes: array (
  'controller' => 'ArtsController',
  'action' => 'arts',
)
Request URL: /arts/arts/edit
Stack Trace:
#0 /var/www/lib/Cake/Routing/Dispatcher.php(187): Controller->invokeAction(Object(CakeRequest))
#1 /var/www/lib/Cake/Routing/Dispatcher.php(162): Dispatcher->_invoke(Object(ArtsController), Object(CakeRequest), Object(CakeResponse))
#2 /var/www/app/webroot/index.php(109): Dispatcher->dispatch(Object(CakeRequest), Object(CakeResponse))
#3 {main}
2013-04-26 13:23:01 Error: [NotFoundException] Invalid art
Request URL: /arts/edit/
Stack Trace:
#0 [internal function]: ArtsController->edit()
#1 /var/www/lib/Cake/Controller/Controller.php(486): ReflectionMethod->invokeArgs(Object(ArtsController), Array)
#2 /var/www/lib/Cake/Routing/Dispatcher.php(187): Controller->invokeAction(Object(CakeRequest))
#3 /var/www/lib/Cake/Routing/Dispatcher.php(162): Dispatcher->_invoke(Object(ArtsController), Object(CakeRequest), Object(CakeResponse))
#4 /var/www/app/webroot/index.php(109): Dispatcher->dispatch(Object(CakeRequest), Object(CakeResponse))
#5 {main}
2013-04-26 13:24:27 Error: [NotFoundException] Invalid art
Request URL: /arts/edit/
Stack Trace:
#0 [internal function]: ArtsController->edit()
#1 /var/www/lib/Cake/Controller/Controller.php(486): ReflectionMethod->invokeArgs(Object(ArtsController), Array)
#2 /var/www/lib/Cake/Routing/Dispatcher.php(187): Controller->invokeAction(Object(CakeRequest))
#3 /var/www/lib/Cake/Routing/Dispatcher.php(162): Dispatcher->_invoke(Object(ArtsController), Object(CakeRequest), Object(CakeResponse))
#4 /var/www/app/webroot/index.php(109): Dispatcher->dispatch(Object(CakeRequest), Object(CakeResponse))
#5 {main}
2013-04-26 13:24:38 Error: [NotFoundException] Invalid art
Request URL: /arts/edit/
Stack Trace:
#0 [internal function]: ArtsController->edit()
#1 /var/www/lib/Cake/Controller/Controller.php(486): ReflectionMethod->invokeArgs(Object(ArtsController), Array)
#2 /var/www/lib/Cake/Routing/Dispatcher.php(187): Controller->invokeAction(Object(CakeRequest))
#3 /var/www/lib/Cake/Routing/Dispatcher.php(162): Dispatcher->_invoke(Object(ArtsController), Object(CakeRequest), Object(CakeResponse))
#4 /var/www/app/webroot/index.php(109): Dispatcher->dispatch(Object(CakeRequest), Object(CakeResponse))
#5 {main}
2013-04-26 13:24:54 Error: [NotFoundException] Invalid art
Request URL: /arts/edit/
Stack Trace:
#0 [internal function]: ArtsController->edit()
#1 /var/www/lib/Cake/Controller/Controller.php(486): ReflectionMethod->invokeArgs(Object(ArtsController), Array)
#2 /var/www/lib/Cake/Routing/Dispatcher.php(187): Controller->invokeAction(Object(CakeRequest))
#3 /var/www/lib/Cake/Routing/Dispatcher.php(162): Dispatcher->_invoke(Object(ArtsController), Object(CakeRequest), Object(CakeResponse))
#4 /var/www/app/webroot/index.php(109): Dispatcher->dispatch(Object(CakeRequest), Object(CakeResponse))
#5 {main}
2013-04-26 13:25:09 Error: [NotFoundException] Invalid art
Request URL: /arts/edit/
Stack Trace:
#0 [internal function]: ArtsController->edit()
#1 /var/www/lib/Cake/Controller/Controller.php(486): ReflectionMethod->invokeArgs(Object(ArtsController), Array)
#2 /var/www/lib/Cake/Routing/Dispatcher.php(187): Controller->invokeAction(Object(CakeRequest))
#3 /var/www/lib/Cake/Routing/Dispatcher.php(162): Dispatcher->_invoke(Object(ArtsController), Object(CakeRequest), Object(CakeResponse))
#4 /var/www/app/webroot/index.php(109): Dispatcher->dispatch(Object(CakeRequest), Object(CakeResponse))
#5 {main}
2013-04-26 13:25:34 Error: [NotFoundException] Invalid art
Request URL: /arts/edit/
Stack Trace:
#0 [internal function]: ArtsController->edit()
#1 /var/www/lib/Cake/Controller/Controller.php(486): ReflectionMethod->invokeArgs(Object(ArtsController), Array)
#2 /var/www/lib/Cake/Routing/Dispatcher.php(187): Controller->invokeAction(Object(CakeRequest))
#3 /var/www/lib/Cake/Routing/Dispatcher.php(162): Dispatcher->_invoke(Object(ArtsController), Object(CakeRequest), Object(CakeResponse))
#4 /var/www/app/webroot/index.php(109): Dispatcher->dispatch(Object(CakeRequest), Object(CakeResponse))
#5 {main}
